#
# There is insufficient memory for the Java Runtime Environment to continue.
# Native memory allocation (malloc) failed to allocate 768336 bytes for Chunk::new
# Possible reasons:
#   The system is out of physical RAM or swap space
#   The process is running with CompressedOops enabled, and the Java Heap may be blocking the growth of the native heap
# Possible solutions:
#   Reduce memory load on the system
#   Increase physical memory or swap space
#   Check if swap backing store is full
#   Decrease Java heap size (-Xmx/-Xms)
#   Decrease number of Java threads
#   Decrease Java thread stack sizes (-Xss)
#   Set larger code cache with -XX:ReservedCodeCacheSize=
#   JVM is running with Unscaled Compressed Oops mode in which the Java heap is
#     placed in the first 4GB address space. The Java Heap base address is the
#     maximum limit for the native heap growth. Please use -XX:HeapBaseMinAddress
#     to set the Java Heap base and to place the Java Heap above 4GB virtual address.
# This output file may be truncated or incomplete.
#
#  Out of Memory Error (arena.cpp:189), pid=27348, tid=27424
#
# JRE version: OpenJDK Runtime Environment Temurin-17.0.7+7 (17.0.7+7) (build 17.0.7+7)
# Java VM: OpenJDK 64-Bit Server VM Temurin-17.0.7+7 (17.0.7+7, mixed mode, sharing, tiered, compressed oops, compressed class ptrs, g1 gc, windows-amd64)
# No core dump will be written. Minidumps are not enabled by default on client versions of Windows
#

---------------  S U M M A R Y ------------

Command Line: -XX:+ShowCodeDetailsInExceptionMessages bank.management.system.Login

Host: AMD Ryzen 5 5500U with Radeon Graphics         , 12 cores, 5G,  Windows 11 , 64 bit Build 22621 (10.0.22621.3958)
Time: Wed Sep 18 14:02:37 2024 India Standard Time elapsed time: 0.649031 seconds (0d 0h 0m 0s)

---------------  T H R E A D  ---------------

Current thread (0x00000255380f0220):  JavaThread "C2 CompilerThread0" daemon [_thread_in_native, id=27424, stack(0x0000007558e00000,0x0000007558f00000)]


Current CompileTask:
C2:    649 1034   !   4       sun.font.TrueTypeFont::getTableBuffer (215 bytes)

Stack: [0x0000007558e00000,0x0000007558f00000]
Native frames: (J=compiled Java code, j=interpreted, Vv=VM code, C=native code)
V  [jvm.dll+0x67754a]
V  [jvm.dll+0x834304]
V  [jvm.dll+0x835aae]
V  [jvm.dll+0x836113]
V  [jvm.dll+0x24696f]
V  [jvm.dll+0xac0ac]
V  [jvm.dll+0xac67c]
V  [jvm.dll+0x364de2]
V  [jvm.dll+0x1bcde8]
V  [jvm.dll+0x219799]
V  [jvm.dll+0x218a61]
V  [jvm.dll+0x1a4d8d]
V  [jvm.dll+0x2284da]
V  [jvm.dll+0x226615]
V  [jvm.dll+0x7ea90b]
V  [jvm.dll+0x7e4e7a]
V  [jvm.dll+0x676395]
C  [ucrtbase.dll+0x29333]
C  [KERNEL32.DLL+0x1257d]
C  [ntdll.dll+0x5af28]


---------------  P R O C E S S  ---------------

Threads class SMR info:
_java_thread_list=0x000002553dd28860, length=19, elements={
0x00000255380d2af0, 0x00000255380d3960, 0x00000255380ea450, 0x00000255380eb000,
0x00000255380ebbb0, 0x00000255380ee570, 0x00000255380f0220, 0x00000255380f25f0,
0x0000025538108490, 0x0000025538350f30, 0x000002553835bc00, 0x000002553856e550,
0x00000255385714e0, 0x0000025538574fe0, 0x000002553dbb63c0, 0x000002553dc23210,
0x000002551accf280, 0x000002553dc08040, 0x000002553dd28bc0
}

Java Threads: ( => current thread )
  0x00000255380d2af0 JavaThread "Reference Handler" daemon [_thread_blocked, id=27400, stack(0x0000007558800000,0x0000007558900000)]
  0x00000255380d3960 JavaThread "Finalizer" daemon [_thread_blocked, id=27404, stack(0x0000007558900000,0x0000007558a00000)]
  0x00000255380ea450 JavaThread "Signal Dispatcher" daemon [_thread_blocked, id=27408, stack(0x0000007558a00000,0x0000007558b00000)]
  0x00000255380eb000 JavaThread "Attach Listener" daemon [_thread_blocked, id=27412, stack(0x0000007558b00000,0x0000007558c00000)]
  0x00000255380ebbb0 JavaThread "Service Thread" daemon [_thread_blocked, id=27416, stack(0x0000007558c00000,0x0000007558d00000)]
  0x00000255380ee570 JavaThread "Monitor Deflation Thread" daemon [_thread_blocked, id=27420, stack(0x0000007558d00000,0x0000007558e00000)]
=>0x00000255380f0220 JavaThread "C2 CompilerThread0" daemon [_thread_in_native, id=27424, stack(0x0000007558e00000,0x0000007558f00000)]
  0x00000255380f25f0 JavaThread "C1 CompilerThread0" daemon [_thread_blocked, id=27428, stack(0x0000007558f00000,0x0000007559000000)]
  0x0000025538108490 JavaThread "Sweeper thread" daemon [_thread_blocked, id=27432, stack(0x0000007559000000,0x0000007559100000)]
  0x0000025538350f30 JavaThread "Notification Thread" daemon [_thread_blocked, id=27436, stack(0x0000007559100000,0x0000007559200000)]
  0x000002553835bc00 JavaThread "Common-Cleaner" daemon [_thread_blocked, id=27444, stack(0x0000007559300000,0x0000007559400000)]
  0x000002553856e550 JavaThread "Java2D Disposer" daemon [_thread_blocked, id=27448, stack(0x0000007559400000,0x0000007559500000)]
  0x00000255385714e0 JavaThread "AWT-Shutdown" [_thread_blocked, id=27452, stack(0x0000007559500000,0x0000007559600000)]
  0x0000025538574fe0 JavaThread "AWT-Windows" daemon [_thread_in_native, id=27456, stack(0x0000007559600000,0x0000007559700000)]
  0x000002553dbb63c0 JavaThread "Image Fetcher 0" daemon [_thread_blocked, id=27504, stack(0x000000755a000000,0x000000755a100000)]
  0x000002553dc23210 JavaThread "AWT-EventQueue-0" [_thread_blocked, id=27508, stack(0x000000755a200000,0x000000755a300000)]
  0x000002551accf280 JavaThread "DestroyJavaVM" [_thread_blocked, id=27368, stack(0x0000007558100000,0x0000007558200000)]
  0x000002553dc08040 JavaThread "D3D Screen Updater" daemon [_thread_in_native, id=27524, stack(0x000000755a400000,0x000000755a500000)]
  0x000002553dd28bc0 JavaThread "C2 CompilerThread1" daemon [_thread_blocked, id=27528, stack(0x000000755a500000,0x000000755a600000)]

Other Threads:
  0x00000255380cdaf0 VMThread "VM Thread" [stack: 0x0000007558700000,0x0000007558800000] [id=27392]
  0x000002551ad47e70 WatcherThread [stack: 0x0000007559200000,0x0000007559300000] [id=27440]
  0x000002551ad1a540 GCTaskThread "GC Thread#0" [stack: 0x0000007558200000,0x0000007558300000] [id=27372]
  0x000002551ad26fc0 ConcurrentGCThread "G1 Main Marker" [stack: 0x0000007558300000,0x0000007558400000] [id=27376]
  0x000002551ad279d0 ConcurrentGCThread "G1 Conc#0" [stack: 0x0000007558400000,0x0000007558500000] [id=27380]
  0x0000025537f904a0 ConcurrentGCThread "G1 Refine#0" [stack: 0x0000007558500000,0x0000007558600000] [id=27384]
  0x0000025537f90ec0 ConcurrentGCThread "G1 Service" [stack: 0x0000007558600000,0x0000007558700000] [id=27388]

Threads with active compile tasks:
C2 CompilerThread0      667 1034   !   4       sun.font.TrueTypeFont::getTableBuffer (215 bytes)

VM state: not at safepoint (normal execution)

VM Mutex/Monitor currently owned by a thread: None

Heap address: 0x00000000a2600000, size: 1498 MB, Compressed Oops mode: 32-bit

CDS archive(s) mapped at: [0x0000000800000000-0x0000000800bc0000-0x0000000800bc0000), size 12320768, SharedBaseAddress: 0x0000000800000000, ArchiveRelocationMode: 0.
Compressed class space mapped at: 0x0000000801000000-0x0000000841000000, reserved size: 1073741824
Narrow klass base: 0x0000000800000000, Narrow klass shift: 0, Narrow klass range: 0x100000000

GC Precious Log:
 CPUs: 12 total, 12 available
 Memory: 5989M
 Large Page Support: Disabled
 NUMA Support: Disabled
 Compressed Oops: Enabled (32-bit)
 Heap Region Size: 1M
 Heap Min Capacity: 8M
 Heap Initial Capacity: 94M
 Heap Max Capacity: 1498M
 Pre-touch: Disabled
 Parallel Workers: 10
 Concurrent Workers: 3
 Concurrent Refinement Workers: 10
 Periodic GC: Disabled

Heap:
 garbage-first heap   total 96256K, used 16384K [0x00000000a2600000, 0x0000000100000000)
  region size 1024K, 17 young (17408K), 0 survivors (0K)
 Metaspace       used 7936K, committed 8192K, reserved 1114112K
  class space    used 897K, committed 1024K, reserved 1048576K

Heap Regions: E=young(eden), S=young(survivor), O=old, HS=humongous(starts), HC=humongous(continues), CS=collection set, F=free, OA=open archive, CA=closed archive, TAMS=top-at-mark-start (previous, next)
|   0|0x00000000a2600000, 0x00000000a2600000, 0x00000000a2700000|  0%| F|  |TAMS 0x00000000a2600000, 0x00000000a2600000| Untracked 
|   1|0x00000000a2700000, 0x00000000a2700000, 0x00000000a2800000|  0%| F|  |TAMS 0x00000000a2700000, 0x00000000a2700000| Untracked 
|   2|0x00000000a2800000, 0x00000000a2800000, 0x00000000a2900000|  0%| F|  |TAMS 0x00000000a2800000, 0x00000000a2800000| Untracked 
|   3|0x00000000a2900000, 0x00000000a2900000, 0x00000000a2a00000|  0%| F|  |TAMS 0x00000000a2900000, 0x00000000a2900000| Untracked 
|   4|0x00000000a2a00000, 0x00000000a2a00000, 0x00000000a2b00000|  0%| F|  |TAMS 0x00000000a2a00000, 0x00000000a2a00000| Untracked 
|   5|0x00000000a2b00000, 0x00000000a2b00000, 0x00000000a2c00000|  0%| F|  |TAMS 0x00000000a2b00000, 0x00000000a2b00000| Untracked 
|   6|0x00000000a2c00000, 0x00000000a2c00000, 0x00000000a2d00000|  0%| F|  |TAMS 0x00000000a2c00000, 0x00000000a2c00000| Untracked 
|   7|0x00000000a2d00000, 0x00000000a2d00000, 0x00000000a2e00000|  0%| F|  |TAMS 0x00000000a2d00000, 0x00000000a2d00000| Untracked 
|   8|0x00000000a2e00000, 0x00000000a2e00000, 0x00000000a2f00000|  0%| F|  |TAMS 0x00000000a2e00000, 0x00000000a2e00000| Untracked 
|   9|0x00000000a2f00000, 0x00000000a2f00000, 0x00000000a3000000|  0%| F|  |TAMS 0x00000000a2f00000, 0x00000000a2f00000| Untracked 
|  10|0x00000000a3000000, 0x00000000a3000000, 0x00000000a3100000|  0%| F|  |TAMS 0x00000000a3000000, 0x00000000a3000000| Untracked 
|  11|0x00000000a3100000, 0x00000000a3100000, 0x00000000a3200000|  0%| F|  |TAMS 0x00000000a3100000, 0x00000000a3100000| Untracked 
|  12|0x00000000a3200000, 0x00000000a3200000, 0x00000000a3300000|  0%| F|  |TAMS 0x00000000a3200000, 0x00000000a3200000| Untracked 
|  13|0x00000000a3300000, 0x00000000a3300000, 0x00000000a3400000|  0%| F|  |TAMS 0x00000000a3300000, 0x00000000a3300000| Untracked 
|  14|0x00000000a3400000, 0x00000000a3400000, 0x00000000a3500000|  0%| F|  |TAMS 0x00000000a3400000, 0x00000000a3400000| Untracked 
|  15|0x00000000a3500000, 0x00000000a3500000, 0x00000000a3600000|  0%| F|  |TAMS 0x00000000a3500000, 0x00000000a3500000| Untracked 
|  16|0x00000000a3600000, 0x00000000a3600000, 0x00000000a3700000|  0%| F|  |TAMS 0x00000000a3600000, 0x00000000a3600000| Untracked 
|  17|0x00000000a3700000, 0x00000000a3700000, 0x00000000a3800000|  0%| F|  |TAMS 0x00000000a3700000, 0x00000000a3700000| Untracked 
|  18|0x00000000a3800000, 0x00000000a3800000, 0x00000000a3900000|  0%| F|  |TAMS 0x00000000a3800000, 0x00000000a3800000| Untracked 
|  19|0x00000000a3900000, 0x00000000a3900000, 0x00000000a3a00000|  0%| F|  |TAMS 0x00000000a3900000, 0x00000000a3900000| Untracked 
|  20|0x00000000a3a00000, 0x00000000a3a00000, 0x00000000a3b00000|  0%| F|  |TAMS 0x00000000a3a00000, 0x00000000a3a00000| Untracked 
|  21|0x00000000a3b00000, 0x00000000a3b00000, 0x00000000a3c00000|  0%| F|  |TAMS 0x00000000a3b00000, 0x00000000a3b00000| Untracked 
|  22|0x00000000a3c00000, 0x00000000a3c00000, 0x00000000a3d00000|  0%| F|  |TAMS 0x00000000a3c00000, 0x00000000a3c00000| Untracked 
|  23|0x00000000a3d00000, 0x00000000a3d00000, 0x00000000a3e00000|  0%| F|  |TAMS 0x00000000a3d00000, 0x00000000a3d00000| Untracked 
|  24|0x00000000a3e00000, 0x00000000a3e00000, 0x00000000a3f00000|  0%| F|  |TAMS 0x00000000a3e00000, 0x00000000a3e00000| Untracked 
|  25|0x00000000a3f00000, 0x00000000a3f00000, 0x00000000a4000000|  0%| F|  |TAMS 0x00000000a3f00000, 0x00000000a3f00000| Untracked 
|  26|0x00000000a4000000, 0x00000000a4000000, 0x00000000a4100000|  0%| F|  |TAMS 0x00000000a4000000, 0x00000000a4000000| Untracked 
|  27|0x00000000a4100000, 0x00000000a4100000, 0x00000000a4200000|  0%| F|  |TAMS 0x00000000a4100000, 0x00000000a4100000| Untracked 
|  28|0x00000000a4200000, 0x00000000a4200000, 0x00000000a4300000|  0%| F|  |TAMS 0x00000000a4200000, 0x00000000a4200000| Untracked 
|  29|0x00000000a4300000, 0x00000000a4300000, 0x00000000a4400000|  0%| F|  |TAMS 0x00000000a4300000, 0x00000000a4300000| Untracked 
|  30|0x00000000a4400000, 0x00000000a4400000, 0x00000000a4500000|  0%| F|  |TAMS 0x00000000a4400000, 0x00000000a4400000| Untracked 
|  31|0x00000000a4500000, 0x00000000a4500000, 0x00000000a4600000|  0%| F|  |TAMS 0x00000000a4500000, 0x00000000a4500000| Untracked 
|  32|0x00000000a4600000, 0x00000000a4600000, 0x00000000a4700000|  0%| F|  |TAMS 0x00000000a4600000, 0x00000000a4600000| Untracked 
|  33|0x00000000a4700000, 0x00000000a4700000, 0x00000000a4800000|  0%| F|  |TAMS 0x00000000a4700000, 0x00000000a4700000| Untracked 
|  34|0x00000000a4800000, 0x00000000a4800000, 0x00000000a4900000|  0%| F|  |TAMS 0x00000000a4800000, 0x00000000a4800000| Untracked 
|  35|0x00000000a4900000, 0x00000000a4900000, 0x00000000a4a00000|  0%| F|  |TAMS 0x00000000a4900000, 0x00000000a4900000| Untracked 
|  36|0x00000000a4a00000, 0x00000000a4a00000, 0x00000000a4b00000|  0%| F|  |TAMS 0x00000000a4a00000, 0x00000000a4a00000| Untracked 
|  37|0x00000000a4b00000, 0x00000000a4b00000, 0x00000000a4c00000|  0%| F|  |TAMS 0x00000000a4b00000, 0x00000000a4b00000| Untracked 
|  38|0x00000000a4c00000, 0x00000000a4c00000, 0x00000000a4d00000|  0%| F|  |TAMS 0x00000000a4c00000, 0x00000000a4c00000| Untracked 
|  39|0x00000000a4d00000, 0x00000000a4d00000, 0x00000000a4e00000|  0%| F|  |TAMS 0x00000000a4d00000, 0x00000000a4d00000| Untracked 
|  40|0x00000000a4e00000, 0x00000000a4e00000, 0x00000000a4f00000|  0%| F|  |TAMS 0x00000000a4e00000, 0x00000000a4e00000| Untracked 
|  41|0x00000000a4f00000, 0x00000000a4f00000, 0x00000000a5000000|  0%| F|  |TAMS 0x00000000a4f00000, 0x00000000a4f00000| Untracked 
|  42|0x00000000a5000000, 0x00000000a5000000, 0x00000000a5100000|  0%| F|  |TAMS 0x00000000a5000000, 0x00000000a5000000| Untracked 
|  43|0x00000000a5100000, 0x00000000a5100000, 0x00000000a5200000|  0%| F|  |TAMS 0x00000000a5100000, 0x00000000a5100000| Untracked 
|  44|0x00000000a5200000, 0x00000000a5200000, 0x00000000a5300000|  0%| F|  |TAMS 0x00000000a5200000, 0x00000000a5200000| Untracked 
|  45|0x00000000a5300000, 0x00000000a5300000, 0x00000000a5400000|  0%| F|  |TAMS 0x00000000a5300000, 0x00000000a5300000| Untracked 
|  46|0x00000000a5400000, 0x00000000a5400000, 0x00000000a5500000|  0%| F|  |TAMS 0x00000000a5400000, 0x00000000a5400000| Untracked 
|  47|0x00000000a5500000, 0x00000000a5500000, 0x00000000a5600000|  0%| F|  |TAMS 0x00000000a5500000, 0x00000000a5500000| Untracked 
|  48|0x00000000a5600000, 0x00000000a5600000, 0x00000000a5700000|  0%| F|  |TAMS 0x00000000a5600000, 0x00000000a5600000| Untracked 
|  49|0x00000000a5700000, 0x00000000a5700000, 0x00000000a5800000|  0%| F|  |TAMS 0x00000000a5700000, 0x00000000a5700000| Untracked 
|  50|0x00000000a5800000, 0x00000000a5800000, 0x00000000a5900000|  0%| F|  |TAMS 0x00000000a5800000, 0x00000000a5800000| Untracked 
|  51|0x00000000a5900000, 0x00000000a5900000, 0x00000000a5a00000|  0%| F|  |TAMS 0x00000000a5900000, 0x00000000a5900000| Untracked 
|  52|0x00000000a5a00000, 0x00000000a5a00000, 0x00000000a5b00000|  0%| F|  |TAMS 0x00000000a5a00000, 0x00000000a5a00000| Untracked 
|  53|0x00000000a5b00000, 0x00000000a5b00000, 0x00000000a5c00000|  0%| F|  |TAMS 0x00000000a5b00000, 0x00000000a5b00000| Untracked 
|  54|0x00000000a5c00000, 0x00000000a5c00000, 0x00000000a5d00000|  0%| F|  |TAMS 0x00000000a5c00000, 0x00000000a5c00000| Untracked 
|  55|0x00000000a5d00000, 0x00000000a5d00000, 0x00000000a5e00000|  0%| F|  |TAMS 0x00000000a5d00000, 0x00000000a5d00000| Untracked 
|  56|0x00000000a5e00000, 0x00000000a5e00000, 0x00000000a5f00000|  0%| F|  |TAMS 0x00000000a5e00000, 0x00000000a5e00000| Untracked 
|  57|0x00000000a5f00000, 0x00000000a5f00000, 0x00000000a6000000|  0%| F|  |TAMS 0x00000000a5f00000, 0x00000000a5f00000| Untracked 
|  58|0x00000000a6000000, 0x00000000a6000000, 0x00000000a6100000|  0%| F|  |TAMS 0x00000000a6000000, 0x00000000a6000000| Untracked 
|  59|0x00000000a6100000, 0x00000000a6100000, 0x00000000a6200000|  0%| F|  |TAMS 0x00000000a6100000, 0x00000000a6100000| Untracked 
|  60|0x00000000a6200000, 0x00000000a6200000, 0x00000000a6300000|  0%| F|  |TAMS 0x00000000a6200000, 0x00000000a6200000| Untracked 
|  61|0x00000000a6300000, 0x00000000a6300000, 0x00000000a6400000|  0%| F|  |TAMS 0x00000000a6300000, 0x00000000a6300000| Untracked 
|  62|0x00000000a6400000, 0x00000000a6400000, 0x00000000a6500000|  0%| F|  |TAMS 0x00000000a6400000, 0x00000000a6400000| Untracked 
|  63|0x00000000a6500000, 0x00000000a6500000, 0x00000000a6600000|  0%| F|  |TAMS 0x00000000a6500000, 0x00000000a6500000| Untracked 
|  64|0x00000000a6600000, 0x00000000a6600000, 0x00000000a6700000|  0%| F|  |TAMS 0x00000000a6600000, 0x00000000a6600000| Untracked 
|  65|0x00000000a6700000, 0x00000000a6700000, 0x00000000a6800000|  0%| F|  |TAMS 0x00000000a6700000, 0x00000000a6700000| Untracked 
|  66|0x00000000a6800000, 0x00000000a6800000, 0x00000000a6900000|  0%| F|  |TAMS 0x00000000a6800000, 0x00000000a6800000| Untracked 
|  67|0x00000000a6900000, 0x00000000a6900000, 0x00000000a6a00000|  0%| F|  |TAMS 0x00000000a6900000, 0x00000000a6900000| Untracked 
|  68|0x00000000a6a00000, 0x00000000a6a00000, 0x00000000a6b00000|  0%| F|  |TAMS 0x00000000a6a00000, 0x00000000a6a00000| Untracked 
|  69|0x00000000a6b00000, 0x00000000a6b00000, 0x00000000a6c00000|  0%| F|  |TAMS 0x00000000a6b00000, 0x00000000a6b00000| Untracked 
|  70|0x00000000a6c00000, 0x00000000a6c00000, 0x00000000a6d00000|  0%| F|  |TAMS 0x00000000a6c00000, 0x00000000a6c00000| Untracked 
|  71|0x00000000a6d00000, 0x00000000a6d00000, 0x00000000a6e00000|  0%| F|  |TAMS 0x00000000a6d00000, 0x00000000a6d00000| Untracked 
|  72|0x00000000a6e00000, 0x00000000a6e00000, 0x00000000a6f00000|  0%| F|  |TAMS 0x00000000a6e00000, 0x00000000a6e00000| Untracked 
|  73|0x00000000a6f00000, 0x00000000a6f00000, 0x00000000a7000000|  0%| F|  |TAMS 0x00000000a6f00000, 0x00000000a6f00000| Untracked 
|  74|0x00000000a7000000, 0x00000000a7000000, 0x00000000a7100000|  0%| F|  |TAMS 0x00000000a7000000, 0x00000000a7000000| Untracked 
|  75|0x00000000a7100000, 0x00000000a7100000, 0x00000000a7200000|  0%| F|  |TAMS 0x00000000a7100000, 0x00000000a7100000| Untracked 
|  76|0x00000000a7200000, 0x00000000a7200000, 0x00000000a7300000|  0%| F|  |TAMS 0x00000000a7200000, 0x00000000a7200000| Untracked 
|  77|0x00000000a7300000, 0x00000000a7400000, 0x00000000a7400000|100%| E|  |TAMS 0x00000000a7300000, 0x00000000a7300000| Complete 
|  78|0x00000000a7400000, 0x00000000a7500000, 0x00000000a7500000|100%| E|CS|TAMS 0x00000000a7400000, 0x00000000a7400000| Complete 
|  79|0x00000000a7500000, 0x00000000a7600000, 0x00000000a7600000|100%| E|CS|TAMS 0x00000000a7500000, 0x00000000a7500000| Complete 
|  80|0x00000000a7600000, 0x00000000a7700000, 0x00000000a7700000|100%| E|CS|TAMS 0x00000000a7600000, 0x00000000a7600000| Complete 
|  81|0x00000000a7700000, 0x00000000a7800000, 0x00000000a7800000|100%| E|CS|TAMS 0x00000000a7700000, 0x00000000a7700000| Complete 
|  82|0x00000000a7800000, 0x00000000a7900000, 0x00000000a7900000|100%| E|CS|TAMS 0x00000000a7800000, 0x00000000a7800000| Complete 
|  83|0x00000000a7900000, 0x00000000a7a00000, 0x00000000a7a00000|100%| E|CS|TAMS 0x00000000a7900000, 0x00000000a7900000| Complete 
|  84|0x00000000a7a00000, 0x00000000a7b00000, 0x00000000a7b00000|100%| E|CS|TAMS 0x00000000a7a00000, 0x00000000a7a00000| Complete 
|  85|0x00000000a7b00000, 0x00000000a7c00000, 0x00000000a7c00000|100%| E|CS|TAMS 0x00000000a7b00000, 0x00000000a7b00000| Complete 
|  86|0x00000000a7c00000, 0x00000000a7d00000, 0x00000000a7d00000|100%| E|CS|TAMS 0x00000000a7c00000, 0x00000000a7c00000| Complete 
|  87|0x00000000a7d00000, 0x00000000a7e00000, 0x00000000a7e00000|100%| E|CS|TAMS 0x00000000a7d00000, 0x00000000a7d00000| Complete 
|  88|0x00000000a7e00000, 0x00000000a7f00000, 0x00000000a7f00000|100%| E|CS|TAMS 0x00000000a7e00000, 0x00000000a7e00000| Complete 
|  89|0x00000000a7f00000, 0x00000000a8000000, 0x00000000a8000000|100%| E|CS|TAMS 0x00000000a7f00000, 0x00000000a7f00000| Complete 
|  90|0x00000000a8000000, 0x00000000a8100000, 0x00000000a8100000|100%| E|CS|TAMS 0x00000000a8000000, 0x00000000a8000000| Complete 
|  91|0x00000000a8100000, 0x00000000a8200000, 0x00000000a8200000|100%| E|CS|TAMS 0x00000000a8100000, 0x00000000a8100000| Complete 
|  92|0x00000000a8200000, 0x00000000a8300000, 0x00000000a8300000|100%| E|CS|TAMS 0x00000000a8200000, 0x00000000a8200000| Complete 
|  93|0x00000000a8300000, 0x00000000a8400000, 0x00000000a8400000|100%| E|CS|TAMS 0x00000000a8300000, 0x00000000a8300000| Complete 

Card table byte_map: [0x0000025532000000,0x00000255322f0000] _byte_map_base: 0x0000025531aed000

Marking Bits (Prev, Next): (CMBitMap*) 0x000002551ad1ab50, (CMBitMap*) 0x000002551ad1ab90
 Prev Bits: [0x00000255325e0000, 0x0000025533d48000)
 Next Bits: [0x0000025533d50000, 0x00000255354b8000)

Polling page: 0x0000025518cc0000

Metaspace:

Usage:
  Non-class:      6.87 MB used.
      Class:    897.41 KB used.
       Both:      7.75 MB used.

Virtual space:
  Non-class space:       64.00 MB reserved,       7.00 MB ( 11%) committed,  1 nodes.
      Class space:        1.00 GB reserved,       1.00 MB ( <1%) committed,  1 nodes.
             Both:        1.06 GB reserved,       8.00 MB ( <1%) committed. 

Chunk freelists:
   Non-Class:  8.99 MB
       Class:  15.05 MB
        Both:  24.04 MB

MaxMetaspaceSize: unlimited
CompressedClassSpaceSize: 1.00 GB
Initial GC threshold: 21.00 MB
Current GC threshold: 21.00 MB
CDS: on
MetaspaceReclaimPolicy: balanced
 - commit_granule_bytes: 65536.
 - commit_granule_words: 8192.
 - virtual_space_node_default_size: 8388608.
 - enlarge_chunks_in_place: 1.
 - new_chunks_are_fully_committed: 0.
 - uncommit_free_chunks: 1.
 - use_allocation_guard: 0.
 - handle_deallocations: 1.


Internal statistics:

num_allocs_failed_limit: 0.
num_arena_births: 118.
num_arena_deaths: 0.
num_vsnodes_births: 2.
num_vsnodes_deaths: 0.
num_space_committed: 128.
num_space_uncommitted: 0.
num_chunks_returned_to_freelist: 0.
num_chunks_taken_from_freelist: 171.
num_chunk_merges: 0.
num_chunk_splits: 90.
num_chunks_enlarged: 20.
num_inconsistent_stats: 0.

CodeHeap 'non-profiled nmethods': size=120000Kb used=295Kb max_used=295Kb free=119704Kb
 bounds [0x000002552a280000, 0x000002552a4f0000, 0x00000255317b0000]
CodeHeap 'profiled nmethods': size=120000Kb used=1764Kb max_used=1764Kb free=118235Kb
 bounds [0x00000255227b0000, 0x0000025522a20000, 0x0000025529ce0000]
CodeHeap 'non-nmethods': size=5760Kb used=1269Kb max_used=1295Kb free=4490Kb
 bounds [0x0000025529ce0000, 0x0000025529f50000, 0x000002552a280000]
 total_blobs=1671 nmethods=1077 adapters=507
 compilation: enabled
              stopped_count=0, restarted_count=0
 full_count=0

Compilation events (20 events):
Event: 0.612 Thread 0x00000255380f25f0 1064       1       sun.java2d.loops.GraphicsPrimitive::getUniqueID (5 bytes)
Event: 0.612 Thread 0x00000255380f25f0 nmethod 1064 0x000002552a2c8990 code [0x000002552a2c8b20, 0x000002552a2c8bf8]
Event: 0.612 Thread 0x00000255380f25f0 1065       3       sun.java2d.loops.GraphicsPrimitiveMgr$1::compare (13 bytes)
Event: 0.613 Thread 0x00000255380f25f0 nmethod 1065 0x0000025522964790 code [0x0000025522964960, 0x0000025522964df8]
Event: 0.613 Thread 0x00000255380f25f0 1066       3       sun.java2d.loops.GraphicsPrimitiveMgr$1::compare (33 bytes)
Event: 0.613 Thread 0x00000255380f25f0 nmethod 1066 0x0000025522964f90 code [0x0000025522965140, 0x0000025522965378]
Event: 0.613 Thread 0x000002553dd28bc0 1067       4       sun.java2d.loops.GraphicsPrimitiveMgr$1::compare (13 bytes)
Event: 0.613 Thread 0x00000255380f25f0 1068       3       sun.java2d.loops.GraphicsPrimitiveMgr$2::compare (39 bytes)
Event: 0.614 Thread 0x00000255380f25f0 nmethod 1068 0x0000025522965490 code [0x0000025522965660, 0x0000025522965a78]
Event: 0.614 Thread 0x00000255380f25f0 1069       1       sun.java2d.loops.CompositeType::getSuperType (5 bytes)
Event: 0.614 Thread 0x00000255380f25f0 nmethod 1069 0x000002552a2c8c90 code [0x000002552a2c8e20, 0x000002552a2c8ef8]
Event: 0.614 Thread 0x00000255380f25f0 1070       3       sun.java2d.loops.GraphicsPrimitiveMgr::locate (104 bytes)
Event: 0.614 Thread 0x00000255380f25f0 nmethod 1070 0x0000025522965b90 code [0x0000025522965dc0, 0x0000025522966838]
Event: 0.614 Thread 0x00000255380f25f0 1072       3       java.util.Arrays::binarySearch0 (95 bytes)
Event: 0.614 Thread 0x000002553dd28bc0 nmethod 1067 0x000002552a2c8f90 code [0x000002552a2c9120, 0x000002552a2c9258]
Event: 0.615 Thread 0x00000255380f25f0 nmethod 1072 0x0000025522966a90 code [0x0000025522966c60, 0x0000025522967098]
Event: 0.615 Thread 0x00000255380f25f0 1071       3       java.util.Arrays::binarySearch (10 bytes)
Event: 0.615 Thread 0x00000255380f25f0 nmethod 1071 0x0000025522967210 code [0x00000255229673a0, 0x00000255229674c8]
Event: 0.615 Thread 0x00000255380f25f0 1073       1       sun.java2d.loops.SurfaceType::getSuperType (5 bytes)
Event: 0.615 Thread 0x00000255380f25f0 nmethod 1073 0x000002552a2c9390 code [0x000002552a2c9520, 0x000002552a2c95f8]

GC Heap History (0 events):
No events

Dll operation events (10 events):
Event: 0.005 Loaded shared library C:\Users\Akhil Verma\AppData\Local\Programs\Eclipse Adoptium\jdk-17.0.7.7-hotspot\bin\java.dll
Event: 0.013 Loaded shared library C:\Users\Akhil Verma\AppData\Local\Programs\Eclipse Adoptium\jdk-17.0.7.7-hotspot\bin\jsvml.dll
Event: 0.056 Loaded shared library C:\Users\Akhil Verma\AppData\Local\Programs\Eclipse Adoptium\jdk-17.0.7.7-hotspot\bin\jimage.dll
Event: 0.071 Loaded shared library C:\Users\Akhil Verma\AppData\Local\Programs\Eclipse Adoptium\jdk-17.0.7.7-hotspot\bin\awt.dll
Event: 0.261 Loaded shared library C:\Users\Akhil Verma\AppData\Local\Programs\Eclipse Adoptium\jdk-17.0.7.7-hotspot\bin\zip.dll
Event: 0.284 Loaded shared library C:\Users\Akhil Verma\AppData\Local\Programs\Eclipse Adoptium\jdk-17.0.7.7-hotspot\bin\javajpeg.dll
Event: 0.343 Loaded shared library C:\Users\Akhil Verma\AppData\Local\Programs\Eclipse Adoptium\jdk-17.0.7.7-hotspot\bin\freetype.dll
Event: 0.344 Loaded shared library C:\Users\Akhil Verma\AppData\Local\Programs\Eclipse Adoptium\jdk-17.0.7.7-hotspot\bin\fontmanager.dll
Event: 0.423 Loaded shared library C:\Users\Akhil Verma\AppData\Local\Programs\Eclipse Adoptium\jdk-17.0.7.7-hotspot\bin\net.dll
Event: 0.425 Loaded shared library C:\Users\Akhil Verma\AppData\Local\Programs\Eclipse Adoptium\jdk-17.0.7.7-hotspot\bin\nio.dll

Deoptimization events (20 events):
Event: 0.355 Thread 0x000002551accf280 Uncommon trap: trap_request=0xffffffc6 fr.pc=0x000002552a2ab1cc relative=0x00000000000009cc
Event: 0.355 Thread 0x000002551accf280 Uncommon trap: reason=bimorphic_or_optimized_type_check action=maybe_recompile pc=0x000002552a2ab1cc method=java.util.HashMap.putVal(ILjava/lang/Object;Ljava/lang/Object;ZZ)Ljava/lang/Object; @ 152 c2
Event: 0.355 Thread 0x000002551accf280 DEOPT PACKING pc=0x000002552a2ab1cc sp=0x00000075581fca40
Event: 0.355 Thread 0x000002551accf280 DEOPT UNPACKING pc=0x0000025529d369a3 sp=0x00000075581fc9c0 mode 2
Event: 0.355 Thread 0x000002551accf280 Uncommon trap: trap_request=0xffffffc6 fr.pc=0x000002552a2ab1cc relative=0x00000000000009cc
Event: 0.355 Thread 0x000002551accf280 Uncommon trap: reason=bimorphic_or_optimized_type_check action=maybe_recompile pc=0x000002552a2ab1cc method=java.util.HashMap.putVal(ILjava/lang/Object;Ljava/lang/Object;ZZ)Ljava/lang/Object; @ 152 c2
Event: 0.355 Thread 0x000002551accf280 DEOPT PACKING pc=0x000002552a2ab1cc sp=0x00000075581fca40
Event: 0.355 Thread 0x000002551accf280 DEOPT UNPACKING pc=0x0000025529d369a3 sp=0x00000075581fc9c0 mode 2
Event: 0.457 Thread 0x000002553dc23210 Uncommon trap: trap_request=0xffffff45 fr.pc=0x000002552a2b4f0c relative=0x00000000000004cc
Event: 0.457 Thread 0x000002553dc23210 Uncommon trap: reason=unstable_if action=reinterpret pc=0x000002552a2b4f0c method=java.lang.StringLatin1.toLowerCase(Ljava/lang/String;[BLjava/util/Locale;)Ljava/lang/String; @ 43 c2
Event: 0.457 Thread 0x000002553dc23210 DEOPT PACKING pc=0x000002552a2b4f0c sp=0x000000755a2fd210
Event: 0.457 Thread 0x000002553dc23210 DEOPT UNPACKING pc=0x0000025529d369a3 sp=0x000000755a2fd180 mode 2
Event: 0.544 Thread 0x000002553dc23210 Uncommon trap: trap_request=0xffffff45 fr.pc=0x000002552a28c4b4 relative=0x00000000000001b4
Event: 0.544 Thread 0x000002553dc23210 Uncommon trap: reason=unstable_if action=reinterpret pc=0x000002552a28c4b4 method=java.lang.String.hashCode()I @ 20 c2
Event: 0.544 Thread 0x000002553dc23210 DEOPT PACKING pc=0x000002552a28c4b4 sp=0x000000755a2fd1b0
Event: 0.544 Thread 0x000002553dc23210 DEOPT UNPACKING pc=0x0000025529d369a3 sp=0x000000755a2fd140 mode 2
Event: 0.558 Thread 0x000002553dc23210 Uncommon trap: trap_request=0xffffff45 fr.pc=0x000002552a2c2c30 relative=0x00000000000003f0
Event: 0.558 Thread 0x000002553dc23210 Uncommon trap: reason=unstable_if action=reinterpret pc=0x000002552a2c2c30 method=java.lang.Character.isSurrogate(C)Z @ 3 c2
Event: 0.558 Thread 0x000002553dc23210 DEOPT PACKING pc=0x000002552a2c2c30 sp=0x000000755a2fcea0
Event: 0.558 Thread 0x000002553dc23210 DEOPT UNPACKING pc=0x0000025529d369a3 sp=0x000000755a2fcdb8 mode 2

Classes unloaded (0 events):
No events

Classes redefined (0 events):
No events

Internal exceptions (15 events):
Event: 0.064 Thread 0x000002551accf280 Exception <a 'java/lang/ClassNotFoundException'{0x00000000a8244348}: sun/awt/resources/spi/awtProvider> (0x00000000a8244348) 
thrown [s\src\hotspot\share\classfile\systemDictionary.cpp, line 256]
Event: 0.083 Thread 0x000002551accf280 Exception <a 'java/io/FileNotFoundException'{0x00000000a829c550}> (0x00000000a829c550) 
thrown [s\src\hotspot\share\prims\jni.cpp, line 516]
Event: 0.091 Thread 0x000002551accf280 Exception <a 'java/io/FileNotFoundException'{0x00000000a82c9528}> (0x00000000a82c9528) 
thrown [s\src\hotspot\share\prims\jni.cpp, line 516]
Event: 0.123 Thread 0x000002551accf280 Exception <a 'java/lang/NoSuchMethodError'{0x00000000a81142f0}: 'java.lang.Object java.lang.invoke.DirectMethodHandle$Holder.invokeStaticInit(java.lang.Object)'> (0x00000000a81142f0) 
thrown [s\src\hotspot\share\interpreter\linkResolver.cpp, line 759]
Event: 0.206 Thread 0x000002551accf280 Exception <a 'java/lang/NoSuchMethodError'{0x00000000a815f090}: 'void java.lang.invoke.DirectMethodHandle$Holder.invokeSpecial(java.lang.Object, java.lang.Object, java.lang.Object)'> (0x00000000a815f090) 
thrown [s\src\hotspot\share\interpreter\linkResolver.cpp, line 759]
Event: 0.212 Thread 0x000002551accf280 Exception <a 'java/lang/NoSuchMethodError'{0x00000000a81ff0e0}: 'java.lang.Object java.lang.invoke.DirectMethodHandle$Holder.newInvokeSpecial(java.lang.Object, java.lang.Object, java.lang.Object, java.lang.Object, java.lang.Object)'> (0x00000000a81ff0e0) 
thrown [s\src\hotspot\share\interpreter\linkResolver.cpp, line 759]
Event: 0.214 Thread 0x000002551accf280 Exception <a 'java/lang/NoSuchMethodError'{0x00000000a800af80}: 'java.lang.Object java.lang.invoke.DirectMethodHandle$Holder.invokeStatic(java.lang.Object, int, java.lang.Object, java.lang.Object, java.lang.Object, java.lang.Object)'> (0x00000000a800af80) 
thrown [s\src\hotspot\share\interpreter\linkResolver.cpp, line 759]
Event: 0.217 Thread 0x000002551accf280 Exception <a 'java/lang/NoSuchMethodError'{0x00000000a8030740}: 'java.lang.Object java.lang.invoke.DirectMethodHandle$Holder.invokeStatic(java.lang.Object, int, java.lang.Object)'> (0x00000000a8030740) 
thrown [s\src\hotspot\share\interpreter\linkResolver.cpp, line 759]
Event: 0.239 Thread 0x000002551accf280 Exception <a 'java/lang/ClassNotFoundException'{0x00000000a80e8138}: com/sun/swing/internal/plaf/metal/resources/spi/metalProvider> (0x00000000a80e8138) 
thrown [s\src\hotspot\share\classfile\systemDictionary.cpp, line 256]
Event: 0.240 Thread 0x000002551accf280 Exception <a 'java/lang/ClassNotFoundException'{0x00000000a80ec200}: com/sun/swing/internal/plaf/basic/resources/spi/basicProvider> (0x00000000a80ec200) 
thrown [s\src\hotspot\share\classfile\systemDictionary.cpp, line 256]
Event: 0.286 Thread 0x000002553dbb63c0 Exception <a 'java/lang/NoSuchMethodError'{0x00000000a7ef5150}: 'java.lang.Object java.lang.invoke.DirectMethodHandle$Holder.newInvokeSpecial(java.lang.Object, java.lang.Object, java.lang.Object, int, int, int, int, int)'> (0x00000000a7ef5150) 
thrown [s\src\hotspot\share\interpreter\linkResolver.cpp, line 759]
Event: 0.327 Thread 0x0000025538574fe0 Exception <a 'java/lang/NoSuchMethodError'{0x00000000a8186728}: 'void java.lang.invoke.DirectMethodHandle$Holder.invokeVirtual(java.lang.Object, java.lang.Object)'> (0x00000000a8186728) 
thrown [s\src\hotspot\share\interpreter\linkResolver.cpp, line 759]
Event: 0.340 Thread 0x000002551accf280 Exception <a 'java/lang/NoSuchMethodError'{0x00000000a7f53870}: 'void java.lang.invoke.DirectMethodHandle$Holder.invokeStaticInit(java.lang.Object)'> (0x00000000a7f53870) 
thrown [s\src\hotspot\share\interpreter\linkResolver.cpp, line 759]
Event: 0.459 Thread 0x000002553dc23210 Exception <a 'java/io/FileNotFoundException'{0x00000000a7a0b010}> (0x00000000a7a0b010) 
thrown [s\src\hotspot\share\prims\jni.cpp, line 516]
Event: 0.529 Thread 0x000002553dc23210 Exception <a 'java/io/FileNotFoundException'{0x00000000a7865bc0}> (0x00000000a7865bc0) 
thrown [s\src\hotspot\share\prims\jni.cpp, line 516]

VM Operations (10 events):
Event: 0.239 Executing VM operation: HandshakeAllThreads
Event: 0.239 Executing VM operation: HandshakeAllThreads done
Event: 0.309 Executing VM operation: HandshakeAllThreads
Event: 0.309 Executing VM operation: HandshakeAllThreads done
Event: 0.311 Executing VM operation: HandshakeAllThreads
Event: 0.312 Executing VM operation: HandshakeAllThreads done
Event: 0.354 Executing VM operation: HandshakeAllThreads
Event: 0.354 Executing VM operation: HandshakeAllThreads done
Event: 0.420 Executing VM operation: HandshakeAllThreads
Event: 0.420 Executing VM operation: HandshakeAllThreads done

Events (20 events):
Event: 0.611 loading class sun/font/StandardGlyphVector$GlyphStrike
Event: 0.611 loading class sun/font/StandardGlyphVector$GlyphStrike done
Event: 0.611 loading class sun/awt/image/BufImgSurfaceManager
Event: 0.611 loading class sun/awt/image/BufImgSurfaceManager done
Event: 0.611 loading class sun/awt/image/BufImgSurfaceData
Event: 0.612 loading class sun/awt/image/BufImgSurfaceData done
Event: 0.612 loading class sun/awt/image/BufImgSurfaceData$ICMColorData
Event: 0.612 loading class sun/awt/image/BufImgSurfaceData$ICMColorData done
Event: 0.612 loading class sun/java2d/loops/RenderLoops
Event: 0.612 loading class sun/java2d/loops/RenderLoops done
Event: 0.612 loading class sun/java2d/loops/GraphicsPrimitiveMgr$PrimitiveSpec
Event: 0.612 loading class sun/java2d/loops/GraphicsPrimitiveMgr$PrimitiveSpec done
Event: 0.614 loading class sun/java2d/loops/DrawGlyphListColor
Event: 0.614 loading class sun/java2d/loops/DrawGlyphListColor done
Event: 0.614 loading class sun/java2d/loops/DrawGlyphListColor$General
Event: 0.614 loading class sun/java2d/loops/DrawGlyphListColor$General done
Event: 0.615 loading class sun/java2d/loops/Blit$GeneralMaskBlit
Event: 0.615 loading class sun/java2d/loops/Blit$GeneralMaskBlit done
Event: 0.615 loading class sun/java2d/d3d/D3DSurfaceDataProxy
Event: 0.615 loading class sun/java2d/d3d/D3DSurfaceDataProxy done


Dynamic libraries:
0x00007ff6e4db0000 - 0x00007ff6e4dbe000 	C:\Users\Akhil Verma\AppData\Local\Programs\Eclipse Adoptium\jdk-17.0.7.7-hotspot\bin\java.exe
0x00007ffa282d0000 - 0x00007ffa284e7000 	C:\WINDOWS\SYSTEM32\ntdll.dll
0x00007ffa270e0000 - 0x00007ffa271a4000 	C:\WINDOWS\System32\KERNEL32.DLL
0x00007ffa25ab0000 - 0x00007ffa25e5d000 	C:\WINDOWS\System32\KERNELBASE.dll
0x00007ffa25e60000 - 0x00007ffa25f71000 	C:\WINDOWS\System32\ucrtbase.dll
0x00007ff9ecf90000 - 0x00007ff9ecfa9000 	C:\Users\Akhil Verma\AppData\Local\Programs\Eclipse Adoptium\jdk-17.0.7.7-hotspot\bin\VCRUNTIME140.dll
0x00007ff9ed0f0000 - 0x00007ff9ed107000 	C:\Users\Akhil Verma\AppData\Local\Programs\Eclipse Adoptium\jdk-17.0.7.7-hotspot\bin\jli.dll
0x00007ffa26d70000 - 0x00007ffa26f1e000 	C:\WINDOWS\System32\USER32.dll
0x00007ffa09060000 - 0x00007ffa092f3000 	C:\WINDOWS\WinSxS\amd64_microsoft.windows.common-controls_6595b64144ccf1df_6.0.22621.3672_none_2713b9d173822955\COMCTL32.dll
0x00007ffa25870000 - 0x00007ffa25896000 	C:\WINDOWS\System32\win32u.dll
0x00007ffa265a0000 - 0x00007ffa26647000 	C:\WINDOWS\System32\msvcrt.dll
0x00007ffa27760000 - 0x00007ffa27789000 	C:\WINDOWS\System32\GDI32.dll
0x00007ffa255f0000 - 0x00007ffa25709000 	C:\WINDOWS\System32\gdi32full.dll
0x00007ffa25710000 - 0x00007ffa257aa000 	C:\WINDOWS\System32\msvcp_win.dll
0x00007ffa272a0000 - 0x00007ffa272d1000 	C:\WINDOWS\System32\IMM32.DLL
0x00007ff9fbf30000 - 0x00007ff9fbf3c000 	C:\Users\Akhil Verma\AppData\Local\Programs\Eclipse Adoptium\jdk-17.0.7.7-hotspot\bin\vcruntime140_1.dll
0x00007ff98cb00000 - 0x00007ff98cb91000 	C:\Users\Akhil Verma\AppData\Local\Programs\Eclipse Adoptium\jdk-17.0.7.7-hotspot\bin\msvcp140.dll
0x00007ff97eaa0000 - 0x00007ff97f6e8000 	C:\Users\Akhil Verma\AppData\Local\Programs\Eclipse Adoptium\jdk-17.0.7.7-hotspot\bin\server\jvm.dll
0x00007ffa27900000 - 0x00007ffa279b2000 	C:\WINDOWS\System32\ADVAPI32.dll
0x00007ffa26000000 - 0x00007ffa260a9000 	C:\WINDOWS\System32\sechost.dll
0x00007ffa25a80000 - 0x00007ffa25aa8000 	C:\WINDOWS\System32\bcrypt.dll
0x00007ffa26fa0000 - 0x00007ffa270b4000 	C:\WINDOWS\System32\RPCRT4.dll
0x00007ff9f8120000 - 0x00007ff9f8129000 	C:\WINDOWS\SYSTEM32\WSOCK32.dll
0x00007ffa1f990000 - 0x00007ffa1f9c4000 	C:\WINDOWS\SYSTEM32\WINMM.dll
0x00007ffa1c640000 - 0x00007ffa1c64a000 	C:\WINDOWS\SYSTEM32\VERSION.dll
0x00007ffa26650000 - 0x00007ffa266c1000 	C:\WINDOWS\System32\WS2_32.dll
0x00007ffa24620000 - 0x00007ffa24638000 	C:\WINDOWS\SYSTEM32\kernel.appcore.dll
0x00007ff9f6820000 - 0x00007ff9f682a000 	C:\Users\Akhil Verma\AppData\Local\Programs\Eclipse Adoptium\jdk-17.0.7.7-hotspot\bin\jimage.dll
0x00007ffa22fe0000 - 0x00007ffa23212000 	C:\WINDOWS\SYSTEM32\DBGHELP.DLL
0x00007ffa260c0000 - 0x00007ffa2644e000 	C:\WINDOWS\System32\combase.dll
0x00007ffa264c0000 - 0x00007ffa26597000 	C:\WINDOWS\System32\OLEAUT32.dll
0x00007ffa128c0000 - 0x00007ffa128f2000 	C:\WINDOWS\SYSTEM32\dbgcore.DLL
0x00007ffa25f80000 - 0x00007ffa25ffb000 	C:\WINDOWS\System32\bcryptPrimitives.dll
0x00007ff9dddf0000 - 0x00007ff9dde15000 	C:\Users\Akhil Verma\AppData\Local\Programs\Eclipse Adoptium\jdk-17.0.7.7-hotspot\bin\java.dll
0x00007ff98ca20000 - 0x00007ff98caf6000 	C:\Users\Akhil Verma\AppData\Local\Programs\Eclipse Adoptium\jdk-17.0.7.7-hotspot\bin\jsvml.dll
0x00007ffa279c0000 - 0x00007ffa28227000 	C:\WINDOWS\System32\SHELL32.dll
0x00007ffa23520000 - 0x00007ffa23e1f000 	C:\WINDOWS\SYSTEM32\windows.storage.dll
0x00007ffa233e0000 - 0x00007ffa2351f000 	C:\WINDOWS\SYSTEM32\wintypes.dll
0x00007ffa27790000 - 0x00007ffa27889000 	C:\WINDOWS\System32\SHCORE.dll
0x00007ffa26450000 - 0x00007ffa264ae000 	C:\WINDOWS\System32\shlwapi.dll
0x00007ffa25520000 - 0x00007ffa25547000 	C:\WINDOWS\SYSTEM32\profapi.dll
0x00007ff988110000 - 0x00007ff98829e000 	C:\Users\Akhil Verma\AppData\Local\Programs\Eclipse Adoptium\jdk-17.0.7.7-hotspot\bin\awt.dll
0x00007ffa1f580000 - 0x00007ffa1f617000 	C:\WINDOWS\SYSTEM32\apphelp.dll
0x00007ffa229d0000 - 0x00007ffa229fb000 	C:\WINDOWS\system32\DWMAPI.DLL
0x00007ffa225c0000 - 0x00007ffa22671000 	C:\WINDOWS\system32\uxtheme.dll
0x00007ff993ce0000 - 0x00007ff993de0000 	C:\WINDOWS\system32\opengl32.dll
0x00007ffa1c600000 - 0x00007ffa1c62d000 	C:\WINDOWS\SYSTEM32\GLU32.dll
0x00007ffa226d0000 - 0x00007ffa22707000 	C:\WINDOWS\SYSTEM32\dxcore.dll
0x00007ffa26a50000 - 0x00007ffa26bae000 	C:\WINDOWS\System32\MSCTF.dll
0x00007ffa268a0000 - 0x00007ffa26a45000 	C:\WINDOWS\System32\ole32.dll
0x00007ff99c690000 - 0x00007ff99c838000 	C:\WINDOWS\system32\d3d9.dll
0x00007ffa1aaa0000 - 0x00007ffa1ac5b000 	C:\WINDOWS\System32\DriverStore\FileRepository\u0390835.inf_amd64_66888840aa4163cc\B390488\aticfx64.dll
0x00007ff9e8e60000 - 0x00007ff9e8e94000 	C:\WINDOWS\System32\DriverStore\FileRepository\u0390835.inf_amd64_66888840aa4163cc\B390488\atiu9p64.dll
0x00007ff9870b0000 - 0x00007ff987e05000 	C:\WINDOWS\System32\DriverStore\FileRepository\u0390835.inf_amd64_66888840aa4163cc\B390488\atiumd64.dll
0x0000000071950000 - 0x0000000072878000 	C:\WINDOWS\System32\DriverStore\FileRepository\u0390835.inf_amd64_66888840aa4163cc\B390488\atiumd6a.dll
0x00007ffa272e0000 - 0x00007ffa27754000 	C:\WINDOWS\System32\SETUPAPI.dll
0x00007ffa25310000 - 0x00007ffa2535d000 	C:\WINDOWS\SYSTEM32\POWRPROF.dll
0x00007ffa252f0000 - 0x00007ffa25303000 	C:\WINDOWS\SYSTEM32\UMPDC.dll
0x00007ffa17ea0000 - 0x00007ffa17ed5000 	C:\WINDOWS\SYSTEM32\amdihk64.dll
0x00007ffa1c650000 - 0x00007ffa1c699000 	C:\WINDOWS\SYSTEM32\directxdatabasehelper.dll
0x00007ff9dddd0000 - 0x00007ff9ddde8000 	C:\Users\Akhil Verma\AppData\Local\Programs\Eclipse Adoptium\jdk-17.0.7.7-hotspot\bin\zip.dll
0x00007ff9c01b0000 - 0x00007ff9c01dd000 	C:\Users\Akhil Verma\AppData\Local\Programs\Eclipse Adoptium\jdk-17.0.7.7-hotspot\bin\javajpeg.dll
0x00007ff98f070000 - 0x00007ff98f0f6000 	C:\Users\Akhil Verma\AppData\Local\Programs\Eclipse Adoptium\jdk-17.0.7.7-hotspot\bin\freetype.dll
0x00007ff985fc0000 - 0x00007ff986085000 	C:\Users\Akhil Verma\AppData\Local\Programs\Eclipse Adoptium\jdk-17.0.7.7-hotspot\bin\fontmanager.dll
0x00007ffa266d0000 - 0x00007ffa26780000 	C:\WINDOWS\System32\clbcatq.dll
0x00007ffa223b0000 - 0x00007ffa22561000 	C:\WINDOWS\SYSTEM32\WindowsCodecs.dll
0x00007ffa02bd0000 - 0x00007ffa02c2e000 	C:\WINDOWS\system32\dataexchange.dll
0x00007ffa1a010000 - 0x00007ffa1a29a000 	C:\WINDOWS\system32\twinapi.appcore.dll
0x00007ffa09c70000 - 0x00007ffa09db3000 	C:\WINDOWS\SYSTEM32\textinputframework.dll
0x00007ff9c0170000 - 0x00007ff9c0189000 	C:\Users\Akhil Verma\AppData\Local\Programs\Eclipse Adoptium\jdk-17.0.7.7-hotspot\bin\net.dll
0x00007ffa20710000 - 0x00007ffa20846000 	C:\WINDOWS\SYSTEM32\WINHTTP.dll
0x00007ffa24ab0000 - 0x00007ffa24b19000 	C:\WINDOWS\system32\mswsock.dll
0x00007ff992340000 - 0x00007ff992355000 	C:\Users\Akhil Verma\AppData\Local\Programs\Eclipse Adoptium\jdk-17.0.7.7-hotspot\bin\nio.dll

dbghelp: loaded successfully - version: 4.0.5 - missing functions: none
symbol engine: initialized successfully - sym options: 0x614 - pdb path: .;C:\Users\Akhil Verma\AppData\Local\Programs\Eclipse Adoptium\jdk-17.0.7.7-hotspot\bin;C:\WINDOWS\SYSTEM32;C:\WINDOWS\WinSxS\amd64_microsoft.windows.common-controls_6595b64144ccf1df_6.0.22621.3672_none_2713b9d173822955;C:\Users\Akhil Verma\AppData\Local\Programs\Eclipse Adoptium\jdk-17.0.7.7-hotspot\bin\server;C:\WINDOWS\System32\DriverStore\FileRepository\u0390835.inf_amd64_66888840aa4163cc\B390488

VM Arguments:
jvm_args: -XX:+ShowCodeDetailsInExceptionMessages 
java_command: bank.management.system.Login
java_class_path (initial): D:\java projects\bank management system\bin
Launcher Type: SUN_STANDARD

[Global flags]
     intx CICompilerCount                          = 4                                         {product} {ergonomic}
     uint ConcGCThreads                            = 3                                         {product} {ergonomic}
     uint G1ConcRefinementThreads                  = 10                                        {product} {ergonomic}
   size_t G1HeapRegionSize                         = 1048576                                   {product} {ergonomic}
    uintx GCDrainStackTargetSize                   = 64                                        {product} {ergonomic}
   size_t InitialHeapSize                          = 98566144                                  {product} {ergonomic}
   size_t MarkStackSize                            = 4194304                                   {product} {ergonomic}
   size_t MaxHeapSize                              = 1570766848                                {product} {ergonomic}
   size_t MaxNewSize                               = 941621248                                 {product} {ergonomic}
   size_t MinHeapDeltaBytes                        = 1048576                                   {product} {ergonomic}
   size_t MinHeapSize                              = 8388608                                   {product} {ergonomic}
    uintx NonNMethodCodeHeapSize                   = 5839372                                {pd product} {ergonomic}
    uintx NonProfiledCodeHeapSize                  = 122909434                              {pd product} {ergonomic}
    uintx ProfiledCodeHeapSize                     = 122909434                              {pd product} {ergonomic}
    uintx ReservedCodeCacheSize                    = 251658240                              {pd product} {ergonomic}
     bool SegmentedCodeCache                       = true                                      {product} {ergonomic}
     bool ShowCodeDetailsInExceptionMessages       = true                                   {manageable} {command line}
   size_t SoftMaxHeapSize                          = 1570766848                             {manageable} {ergonomic}
     bool UseCompressedClassPointers               = true                           {product lp64_product} {ergonomic}
     bool UseCompressedOops                        = true                           {product lp64_product} {ergonomic}
     bool UseG1GC                                  = true                                      {product} {ergonomic}
     bool UseLargePagesIndividualAllocation        = false                                  {pd product} {ergonomic}

Logging:
Log output configuration:
 #0: stdout all=warning uptime,level,tags
 #1: stderr all=off uptime,level,tags

Environment Variables:
JAVA_HOME=C:\Users\Akhil Verma\AppData\Local\Programs\Eclipse Adoptium\jdk-17.0.7.7-hotspot\
PATH=C:\Program Files\Eclipse Adoptium\jdk-21.0.3.9-hotspot\bin;C:\Python312\Scripts\;C:\Python312\;C:\Program Files\Common Files\Oracle\Java\javapath;C:\WINDOWS\system32;C:\WINDOWS;C:\WINDOWS\System32\Wbem;C:\WINDOWS\System32\WindowsPowerShell\v1.0\;C:\WINDOWS\System32\OpenSSH\;C:\MinGW\bin;C:\Program Files\Git\cmd;C:\Users\Akhil Verma\AppData\Local\Pub\Cache\bin;C:\Program Files\nodejs\;C:\ProgramData\chocolatey\bin;D:\flutter development\gradle-8.8\bin;D:\flutter development\src\flutter\bin;C:\Program Files\MySQL\MySQL Server 8.0\bin;C:\Program Files\MySQL\MySQL Shell 8.0\bin\;C:\Users\Akhil Verma\AppData\Local\Programs\Eclipse Adoptium\jdk-17.0.7.7-hotspot\bin;C:\Users\Akhil Verma\AppData\Local\Microsoft\WindowsApps;C:\Users\Akhil Verma\AppData\Local\Programs\Microsoft VS Code\bin;C:\Program Files\Java\jdk-20\bin;C:\src\flutter\bin;C:\Users\Akhil Verma\AppData\Roaming\npm;C:\Users\Akhil Verma\AppData\Local\Pub\Cache\bin;
USERNAME=Akhil Verma
LANG=en_US.UTF-8
OS=Windows_NT
PROCESSOR_IDENTIFIER=AMD64 Family 23 Model 104 Stepping 1, AuthenticAMD
TMP=C:\Users\AKHILV~1\AppData\Local\Temp
TEMP=C:\Users\AKHILV~1\AppData\Local\Temp



---------------  S Y S T E M  ---------------

OS:
 Windows 11 , 64 bit Build 22621 (10.0.22621.3958)
OS uptime: 1 days 2:53 hours
Hyper-V role detected

CPU: total 12 (initial active 12) (12 cores per cpu, 2 threads per core) family 23 model 104 stepping 1 microcode 0x0, cx8, cmov, fxsr, ht, mmx, 3dnowpref, sse, sse2, sse3, ssse3, sse4a, sse4.1, sse4.2, popcnt, lzcnt, tsc, tscinvbit, avx, avx2, aes, clmul, bmi1, bmi2, adx, sha, fma, vzeroupper, clflush, clflushopt, hv

Memory: 4k page, system-wide physical 5989M (423M free)
TotalPageFile size 24421M (AvailPageFile size 52M)
current process WorkingSet (physical memory assigned to process): 86M, peak: 86M
current process commit charge ("private bytes"): 232M, peak: 232M

vm_info: OpenJDK 64-Bit Server VM (17.0.7+7) for windows-amd64 JRE (17.0.7+7), built on Apr 18 2023 22:10:42 by "temurin" with MS VC++ 16.7 (VS2019)

END.
